# JRE version: OpenJDK Runtime Environment (11.0.11+9) (build 11.0.11+9-Ubuntu-0ubuntu2.20.04)
# Java VM: OpenJDK 64-Bit Server VM (11.0.11+9-Ubuntu-0ubuntu2.20.04, mixed mode, sharing, tiered, compressed oops, parallel gc, linux-amd64)
Heap:
 PSYoungGen      total 4096K, used 1760K [0x00000000eab00000, 0x00000000eb080000, 0x0000000100000000)
  eden space 3072K, 34% used [0x00000000eab00000,0x00000000eac05ac0,0x00000000eae00000)
  from space 1024K, 69% used [0x00000000eaf80000,0x00000000eb032910,0x00000000eb080000)
  to   space 1024K, 0% used [0x00000000eae80000,0x00000000eae80000,0x00000000eaf80000)
 ParOldGen       total 161280K, used 152140K [0x00000000c0000000, 0x00000000c9d80000, 0x00000000eab00000)
  object space 161280K, 94% used [0x00000000c0000000,0x00000000c9493270,0x00000000c9d80000)
 Metaspace       used 76571K, capacity 80758K, committed 80984K, reserved 1122304K
  class space    used 7326K, capacity 8804K, committed 8832K, reserved 1048576K
GC Heap History (20 events):
Event: 1541,370 GC heap before
{Heap before GC invocations=951 (full 36):
 PSYoungGen      total 4608K, used 4256K [0x00000000eab00000, 0x00000000eb080000, 0x0000000100000000)
  eden space 3584K, 100% used [0x00000000eab00000,0x00000000eae80000,0x00000000eae80000)
  from space 1024K, 65% used [0x00000000eaf80000,0x00000000eb028000,0x00000000eb080000)
  to   space 1024K, 0% used [0x00000000eae80000,0x00000000eae80000,0x00000000eaf80000)
 ParOldGen       total 161280K, used 143914K [0x00000000c0000000, 0x00000000c9d80000, 0x00000000eab00000)
  object space 161280K, 89% used [0x00000000c0000000,0x00000000c8c8ab70,0x00000000c9d80000)
 Metaspace       used 76569K, capacity 80758K, committed 80984K, reserved 1122304K
  class space    used 7326K, capacity 8804K, committed 8832K, reserved 1048576K
}
Event: 1541,372 GC heap after
{Heap after GC invocations=951 (full 36):
 PSYoungGen      total 4608K, used 330K [0x00000000eab00000, 0x00000000eb000000, 0x0000000100000000)
  eden space 3584K, 0% used [0x00000000eab00000,0x00000000eab00000,0x00000000eae80000)
  from space 1024K, 32% used [0x00000000eae80000,0x00000000eaed2910,0x00000000eaf80000)
  to   space 512K, 0% used [0x00000000eaf80000,0x00000000eaf80000,0x00000000eb000000)
 ParOldGen       total 161280K, used 144458K [0x00000000c0000000, 0x00000000c9d80000, 0x00000000eab00000)
  object space 161280K, 89% used [0x00000000c0000000,0x00000000c8d12b70,0x00000000c9d80000)
 Metaspace       used 76569K, capacity 80758K, committed 80984K, reserved 1122304K
  class space    used 7326K, capacity 8804K, committed 8832K, reserved 1048576K
}
Event: 1541,774 GC heap before
{Heap before GC invocations=952 (full 36):
 PSYoungGen      total 4608K, used 3914K [0x00000000eab00000, 0x00000000eb000000, 0x0000000100000000)
  eden space 3584K, 100% used [0x00000000eab00000,0x00000000eae80000,0x00000000eae80000)
  from space 1024K, 32% used [0x00000000eae80000,0x00000000eaed2910,0x00000000eaf80000)
  to   space 512K, 0% used [0x00000000eaf80000,0x00000000eaf80000,0x00000000eb000000)
 ParOldGen       total 161280K, used 144458K [0x00000000c0000000, 0x00000000c9d80000, 0x00000000eab00000)
  object space 161280K, 89% used [0x00000000c0000000,0x00000000c8d12b70,0x00000000c9d80000)
 Metaspace       used 76569K, capacity 80758K, committed 80984K, reserved 1122304K
  class space    used 7326K, capacity 8804K, committed 8832K, reserved 1048576K
}
Event: 1541,777 GC heap after
{Heap after GC invocations=952 (full 36):
 PSYoungGen      total 4096K, used 510K [0x00000000eab00000, 0x00000000eb080000, 0x0000000100000000)
  eden space 3584K, 0% used [0x00000000eab00000,0x00000000eab00000,0x00000000eae80000)
  from space 512K, 99% used [0x00000000eaf80000,0x00000000eafffb10,0x00000000eb000000)
  to   space 1024K, 0% used [0x00000000eae80000,0x00000000eae80000,0x00000000eaf80000)
 ParOldGen       total 161280K, used 144842K [0x00000000c0000000, 0x00000000c9d80000, 0x00000000eab00000)
  object space 161280K, 89% used [0x00000000c0000000,0x00000000c8d72b90,0x00000000c9d80000)
 Metaspace       used 76569K, capacity 80758K, committed 80984K, reserved 1122304K
  class space    used 7326K, capacity 8804K, committed 8832K, reserved 1048576K
}
Event: 1541,790 GC heap before
{Heap before GC invocations=953 (full 36):
 PSYoungGen      total 4096K, used 4094K [0x00000000eab00000, 0x00000000eb080000, 0x0000000100000000)
  eden space 3584K, 100% used [0x00000000eab00000,0x00000000eae80000,0x00000000eae80000)
  from space 512K, 99% used [0x00000000eaf80000,0x00000000eafffb10,0x00000000eb000000)
  to   space 1024K, 0% used [0x00000000eae80000,0x00000000eae80000,0x00000000eaf80000)
 ParOldGen       total 161280K, used 144842K [0x00000000c0000000, 0x00000000c9d80000, 0x00000000eab00000)
  object space 161280K, 89% used [0x00000000c0000000,0x00000000c8d72b90,0x00000000c9d80000)
 Metaspace       used 76569K, capacity 80758K, committed 80984K, reserved 1122304K
  class space    used 7326K, capacity 8804K, committed 8832K, reserved 1048576K
}
Event: 1541,792 GC heap after
{Heap after GC invocations=953 (full 36):
 PSYoungGen      total 4608K, used 618K [0x00000000eab00000, 0x00000000eb080000, 0x0000000100000000)
  eden space 3584K, 0% used [0x00000000eab00000,0x00000000eab00000,0x00000000eae80000)
  from space 1024K, 60% used [0x00000000eae80000,0x00000000eaf1a910,0x00000000eaf80000)
  to   space 1024K, 0% used [0x00000000eaf80000,0x00000000eaf80000,0x00000000eb080000)
 ParOldGen       total 161280K, used 145191K [0x00000000c0000000, 0x00000000c9d80000, 0x00000000eab00000)
  object space 161280K, 90% used [0x00000000c0000000,0x00000000c8dc9d90,0x00000000c9d80000)
 Metaspace       used 76569K, capacity 80758K, committed 80984K, reserved 1122304K
  class space    used 7326K, capacity 8804K, committed 8832K, reserved 1048576K
}
Event: 1541,805 GC heap before
{Heap before GC invocations=954 (full 36):
 PSYoungGen      total 4608K, used 4202K [0x00000000eab00000, 0x00000000eb080000, 0x0000000100000000)
  eden space 3584K, 100% used [0x00000000eab00000,0x00000000eae80000,0x00000000eae80000)
  from space 1024K, 60% used [0x00000000eae80000,0x00000000eaf1a910,0x00000000eaf80000)
  to   space 1024K, 0% used [0x00000000eaf80000,0x00000000eaf80000,0x00000000eb080000)
 ParOldGen       total 161280K, used 145191K [0x00000000c0000000, 0x00000000c9d80000, 0x00000000eab00000)
  object space 161280K, 90% used [0x00000000c0000000,0x00000000c8dc9d90,0x00000000c9d80000)
 Metaspace       used 76569K, capacity 80758K, committed 80984K, reserved 1122304K
  class space    used 7326K, capacity 8804K, committed 8832K, reserved 1048576K
}
Event: 1541,809 GC heap after
{Heap after GC invocations=954 (full 36):
 PSYoungGen      total 4608K, used 804K [0x00000000eab00000, 0x00000000eb080000, 0x0000000100000000)
  eden space 3584K, 0% used [0x00000000eab00000,0x00000000eab00000,0x00000000eae80000)
  from space 1024K, 78% used [0x00000000eaf80000,0x00000000eb049210,0x00000000eb080000)
  to   space 1024K, 0% used [0x00000000eae80000,0x00000000eae80000,0x00000000eaf80000)
 ParOldGen       total 161280K, used 145215K [0x00000000c0000000, 0x00000000c9d80000, 0x00000000eab00000)
  object space 161280K, 90% used [0x00000000c0000000,0x00000000c8dcfd90,0x00000000c9d80000)
 Metaspace       used 76569K, capacity 80758K, committed 80984K, reserved 1122304K
  class space    used 7326K, capacity 8804K, committed 8832K, reserved 1048576K
}
Event: 1541,820 GC heap before
{Heap before GC invocations=955 (full 36):
 PSYoungGen      total 4608K, used 4388K [0x00000000eab00000, 0x00000000eb080000, 0x0000000100000000)
  eden space 3584K, 100% used [0x00000000eab00000,0x00000000eae80000,0x00000000eae80000)
  from space 1024K, 78% used [0x00000000eaf80000,0x00000000eb049210,0x00000000eb080000)
  to   space 1024K, 0% used [0x00000000eae80000,0x00000000eae80000,0x00000000eaf80000)
 ParOldGen       total 161280K, used 145215K [0x00000000c0000000, 0x00000000c9d80000, 0x00000000eab00000)
  object space 161280K, 90% used [0x00000000c0000000,0x00000000c8dcfd90,0x00000000c9d80000)
 Metaspace       used 76569K, capacity 80758K, committed 80984K, reserved 1122304K
  class space    used 7326K, capacity 8804K, committed 8832K, reserved 1048576K
}
Event: 1541,823 GC heap after
{Heap after GC invocations=955 (full 36):
 PSYoungGen      total 4608K, used 804K [0x00000000eab00000, 0x00000000eb080000, 0x0000000100000000)
  eden space 3584K, 0% used [0x00000000eab00000,0x00000000eab00000,0x00000000eae80000)
  from space 1024K, 78% used [0x00000000eae80000,0x00000000eaf49210,0x00000000eaf80000)
  to   space 1024K, 0% used [0x00000000eaf80000,0x00000000eaf80000,0x00000000eb080000)
 ParOldGen       total 161280K, used 145963K [0x00000000c0000000, 0x00000000c9d80000, 0x00000000eab00000)
  object space 161280K, 90% used [0x00000000c0000000,0x00000000c8e8afb0,0x00000000c9d80000)
 Metaspace       used 76569K, capacity 80758K, committed 80984K, reserved 1122304K
  class space    used 7326K, capacity 8804K, committed 8832K, reserved 1048576K
}
Event: 1542,652 GC heap before
{Heap before GC invocations=956 (full 36):
 PSYoungGen      total 4608K, used 4388K [0x00000000eab00000, 0x00000000eb080000, 0x0000000100000000)
  eden space 3584K, 99% used [0x00000000eab00000,0x00000000eae7fff0,0x00000000eae80000)
  from space 1024K, 78% used [0x00000000eae80000,0x00000000eaf49210,0x00000000eaf80000)
  to   space 1024K, 0% used [0x00000000eaf80000,0x00000000eaf80000,0x00000000eb080000)
 ParOldGen       total 161280K, used 145963K [0x00000000c0000000, 0x00000000c9d80000, 0x00000000eab00000)
  object space 161280K, 90% used [0x00000000c0000000,0x00000000c8e8afb0,0x00000000c9d80000)
 Metaspace       used 76569K, capacity 80758K, committed 80984K, reserved 1122304K
  class space    used 7326K, capacity 8804K, committed 8832K, reserved 1048576K
}
Event: 1542,653 GC heap after
{Heap after GC invocations=956 (full 36):
 PSYoungGen      total 3072K, used 1015K [0x00000000eab00000, 0x00000000eb380000, 0x0000000100000000)
  eden space 2048K, 0% used [0x00000000eab00000,0x00000000eab00000,0x00000000ead00000)
  from space 1024K, 99% used [0x00000000eaf80000,0x00000000eb07dc90,0x00000000eb080000)
  to   space 2560K, 0% used [0x00000000ead00000,0x00000000ead00000,0x00000000eaf80000)
 ParOldGen       total 161280K, used 147215K [0x00000000c0000000, 0x00000000c9d80000, 0x00000000eab00000)
  object space 161280K, 91% used [0x00000000c0000000,0x00000000c8fc3fc0,0x00000000c9d80000)
 Metaspace       used 76569K, capacity 80758K, committed 80984K, reserved 1122304K
  class space    used 7326K, capacity 8804K, committed 8832K, reserved 1048576K
}
Event: 1542,659 GC heap before
{Heap before GC invocations=957 (full 36):
 PSYoungGen      total 3072K, used 3063K [0x00000000eab00000, 0x00000000eb380000, 0x0000000100000000)
  eden space 2048K, 100% used [0x00000000eab00000,0x00000000ead00000,0x00000000ead00000)
  from space 1024K, 99% used [0x00000000eaf80000,0x00000000eb07dc90,0x00000000eb080000)
  to   space 2560K, 0% used [0x00000000ead00000,0x00000000ead00000,0x00000000eaf80000)
 ParOldGen       total 161280K, used 147215K [0x00000000c0000000, 0x00000000c9d80000, 0x00000000eab00000)
  object space 161280K, 91% used [0x00000000c0000000,0x00000000c8fc3fc0,0x00000000c9d80000)
 Metaspace       used 76569K, capacity 80758K, committed 80984K, reserved 1122304K
  class space    used 7326K, capacity 8804K, committed 8832K, reserved 1048576K
}
Event: 1542,662 GC heap after
{Heap after GC invocations=957 (full 36):
 PSYoungGen      total 4608K, used 2016K [0x00000000eab00000, 0x00000000eb200000, 0x0000000100000000)
  eden space 2048K, 0% used [0x00000000eab00000,0x00000000eab00000,0x00000000ead00000)
  from space 2560K, 78% used [0x00000000ead00000,0x00000000eaef8000,0x00000000eaf80000)
  to   space 2560K, 0% used [0x00000000eaf80000,0x00000000eaf80000,0x00000000eb200000)
 ParOldGen       total 161280K, used 148243K [0x00000000c0000000, 0x00000000c9d80000, 0x00000000eab00000)
  object space 161280K, 91% used [0x00000000c0000000,0x00000000c90c4e50,0x00000000c9d80000)
 Metaspace       used 76569K, capacity 80758K, committed 80984K, reserved 1122304K
  class space    used 7326K, capacity 8804K, committed 8832K, reserved 1048576K
}
Event: 1542,667 GC heap before
{Heap before GC invocations=958 (full 36):
 PSYoungGen      total 4608K, used 4064K [0x00000000eab00000, 0x00000000eb200000, 0x0000000100000000)
  eden space 2048K, 100% used [0x00000000eab00000,0x00000000ead00000,0x00000000ead00000)
  from space 2560K, 78% used [0x00000000ead00000,0x00000000eaef8000,0x00000000eaf80000)
  to   space 2560K, 0% used [0x00000000eaf80000,0x00000000eaf80000,0x00000000eb200000)
 ParOldGen       total 161280K, used 148243K [0x00000000c0000000, 0x00000000c9d80000, 0x00000000eab00000)
  object space 161280K, 91% used [0x00000000c0000000,0x00000000c90c4e50,0x00000000c9d80000)
 Metaspace       used 76569K, capacity 80758K, committed 80984K, reserved 1122304K
  class space    used 7326K, capacity 8804K, committed 8832K, reserved 1048576K
}
Event: 1542,669 GC heap after
{Heap after GC invocations=958 (full 36):
 PSYoungGen      total 4096K, used 1146K [0x00000000eab00000, 0x00000000eb100000, 0x0000000100000000)
  eden space 2560K, 0% used [0x00000000eab00000,0x00000000eab00000,0x00000000ead80000)
  from space 1536K, 74% used [0x00000000eaf80000,0x00000000eb09e900,0x00000000eb100000)
  to   space 1536K, 0% used [0x00000000eae00000,0x00000000eae00000,0x00000000eaf80000)
 ParOldGen       total 161280K, used 150251K [0x00000000c0000000, 0x00000000c9d80000, 0x00000000eab00000)
  object space 161280K, 93% used [0x00000000c0000000,0x00000000c92bae50,0x00000000c9d80000)
 Metaspace       used 76569K, capacity 80758K, committed 80984K, reserved 1122304K
  class space    used 7326K, capacity 8804K, committed 8832K, reserved 1048576K
}
Event: 1542,674 GC heap before
{Heap before GC invocations=959 (full 36):
 PSYoungGen      total 4096K, used 3706K [0x00000000eab00000, 0x00000000eb100000, 0x0000000100000000)
  eden space 2560K, 100% used [0x00000000eab00000,0x00000000ead80000,0x00000000ead80000)
  from space 1536K, 74% used [0x00000000eaf80000,0x00000000eb09e900,0x00000000eb100000)
  to   space 1536K, 0% used [0x00000000eae00000,0x00000000eae00000,0x00000000eaf80000)
 ParOldGen       total 161280K, used 150251K [0x00000000c0000000, 0x00000000c9d80000, 0x00000000eab00000)
  object space 161280K, 93% used [0x00000000c0000000,0x00000000c92bae50,0x00000000c9d80000)
 Metaspace       used 76571K, capacity 80758K, committed 80984K, reserved 1122304K
  class space    used 7326K, capacity 8804K, committed 8832K, reserved 1048576K
}
Event: 1542,676 GC heap after
{Heap after GC invocations=959 (full 36):
 PSYoungGen      total 4608K, used 996K [0x00000000eab00000, 0x00000000eb100000, 0x0000000100000000)
  eden space 3072K, 0% used [0x00000000eab00000,0x00000000eab00000,0x00000000eae00000)
  from space 1536K, 64% used [0x00000000eae00000,0x00000000eaef9210,0x00000000eaf80000)
  to   space 1536K, 0% used [0x00000000eaf80000,0x00000000eaf80000,0x00000000eb100000)
 ParOldGen       total 161280K, used 151240K [0x00000000c0000000, 0x00000000c9d80000, 0x00000000eab00000)
  object space 161280K, 93% used [0x00000000c0000000,0x00000000c93b2050,0x00000000c9d80000)
 Metaspace       used 76571K, capacity 80758K, committed 80984K, reserved 1122304K
  class space    used 7326K, capacity 8804K, committed 8832K, reserved 1048576K
}
Event: 1543,198 GC heap before
{Heap before GC invocations=960 (full 36):
 PSYoungGen      total 4608K, used 4068K [0x00000000eab00000, 0x00000000eb100000, 0x0000000100000000)
  eden space 3072K, 99% used [0x00000000eab00000,0x00000000eadffff0,0x00000000eae00000)
  from space 1536K, 64% used [0x00000000eae00000,0x00000000eaef9210,0x00000000eaf80000)
  to   space 1536K, 0% used [0x00000000eaf80000,0x00000000eaf80000,0x00000000eb100000)
 ParOldGen       total 161280K, used 151240K [0x00000000c0000000, 0x00000000c9d80000, 0x00000000eab00000)
  object space 161280K, 93% used [0x00000000c0000000,0x00000000c93b2050,0x00000000c9d80000)
 Metaspace       used 76571K, capacity 80758K, committed 80984K, reserved 1122304K
  class space    used 7326K, capacity 8804K, committed 8832K, reserved 1048576K
}
Event: 1543,199 GC heap after
{Heap after GC invocations=960 (full 36):
 PSYoungGen      total 4096K, used 714K [0x00000000eab00000, 0x00000000eb080000, 0x0000000100000000)
  eden space 3072K, 0% used [0x00000000eab00000,0x00000000eab00000,0x00000000eae00000)
  from space 1024K, 69% used [0x00000000eaf80000,0x00000000eb032910,0x00000000eb080000)
  to   space 1024K, 0% used [0x00000000eae80000,0x00000000eae80000,0x00000000eaf80000)
 ParOldGen       total 161280K, used 152140K [0x00000000c0000000, 0x00000000c9d80000, 0x00000000eab00000)
  object space 161280K, 94% used [0x00000000c0000000,0x00000000c9493270,0x00000000c9d80000)
 Metaspace       used 76571K, capacity 80758K, committed 80984K, reserved 1122304K
  class space    used 7326K, capacity 8804K, committed 8832K, reserved 1048576K
}

