# JRE version: OpenJDK Runtime Environment (11.0.11+9) (build 11.0.11+9-Ubuntu-0ubuntu2.20.04)
# Java VM: OpenJDK 64-Bit Server VM (11.0.11+9-Ubuntu-0ubuntu2.20.04, mixed mode, sharing, tiered, compressed oops, parallel gc, linux-amd64)
Heap:
 PSYoungGen      total 36864K, used 12791K [0x00000000eab00000, 0x00000000f3980000, 0x0000000100000000)
  eden space 24064K, 0% used [0x00000000eab00000,0x00000000eab00000,0x00000000ec280000)
  from space 12800K, 99% used [0x00000000eef00000,0x00000000efb7dce8,0x00000000efb80000)
  to   space 45568K, 0% used [0x00000000ec280000,0x00000000ec280000,0x00000000eef00000)
 ParOldGen       total 105984K, used 92969K [0x00000000c0000000, 0x00000000c6780000, 0x00000000eab00000)
  object space 105984K, 87% used [0x00000000c0000000,0x00000000c5aca680,0x00000000c6780000)
 Metaspace       used 59244K, capacity 62706K, committed 62996K, reserved 1105920K
  class space    used 5997K, capacity 7214K, committed 7296K, reserved 1048576K
GC Heap History (20 events):
Event: 4,864 GC heap after
{Heap after GC invocations=24 (full 2):
 PSYoungGen      total 49152K, used 1021K [0x00000000eab00000, 0x00000000f0780000, 0x0000000100000000)
  eden space 48128K, 0% used [0x00000000eab00000,0x00000000eab00000,0x00000000eda00000)
  from space 1024K, 99% used [0x00000000f0680000,0x00000000f077f600,0x00000000f0780000)
  to   space 4096K, 0% used [0x00000000eff80000,0x00000000eff80000,0x00000000f0380000)
 ParOldGen       total 68608K, used 58497K [0x00000000c0000000, 0x00000000c4300000, 0x00000000eab00000)
  object space 68608K, 85% used [0x00000000c0000000,0x00000000c3920450,0x00000000c4300000)
 Metaspace       used 53531K, capacity 56809K, committed 57048K, reserved 1099776K
  class space    used 5493K, capacity 6644K, committed 6656K, reserved 1048576K
}
Event: 4,950 GC heap before
{Heap before GC invocations=25 (full 2):
 PSYoungGen      total 49152K, used 49149K [0x00000000eab00000, 0x00000000f0780000, 0x0000000100000000)
  eden space 48128K, 100% used [0x00000000eab00000,0x00000000eda00000,0x00000000eda00000)
  from space 1024K, 99% used [0x00000000f0680000,0x00000000f077f600,0x00000000f0780000)
  to   space 4096K, 0% used [0x00000000eff80000,0x00000000eff80000,0x00000000f0380000)
 ParOldGen       total 68608K, used 58497K [0x00000000c0000000, 0x00000000c4300000, 0x00000000eab00000)
  object space 68608K, 85% used [0x00000000c0000000,0x00000000c3920450,0x00000000c4300000)
 Metaspace       used 54655K, capacity 57982K, committed 58200K, reserved 1101824K
  class space    used 5603K, capacity 6779K, committed 6784K, reserved 1048576K
}
Event: 4,958 GC heap after
{Heap after GC invocations=25 (full 2):
 PSYoungGen      total 50688K, used 4096K [0x00000000eab00000, 0x00000000f0700000, 0x0000000100000000)
  eden space 46592K, 0% used [0x00000000eab00000,0x00000000eab00000,0x00000000ed880000)
  from space 4096K, 100% used [0x00000000eff80000,0x00000000f0380000,0x00000000f0380000)
  to   space 3584K, 0% used [0x00000000f0380000,0x00000000f0380000,0x00000000f0700000)
 ParOldGen       total 68608K, used 60585K [0x00000000c0000000, 0x00000000c4300000, 0x00000000eab00000)
  object space 68608K, 88% used [0x00000000c0000000,0x00000000c3b2a4d0,0x00000000c4300000)
 Metaspace       used 54655K, capacity 57982K, committed 58200K, reserved 1101824K
  class space    used 5603K, capacity 6779K, committed 6784K, reserved 1048576K
}
Event: 5,110 GC heap before
{Heap before GC invocations=26 (full 2):
 PSYoungGen      total 50688K, used 26314K [0x00000000eab00000, 0x00000000f0700000, 0x0000000100000000)
  eden space 46592K, 47% used [0x00000000eab00000,0x00000000ec0b2b10,0x00000000ed880000)
  from space 4096K, 100% used [0x00000000eff80000,0x00000000f0380000,0x00000000f0380000)
  to   space 3584K, 0% used [0x00000000f0380000,0x00000000f0380000,0x00000000f0700000)
 ParOldGen       total 68608K, used 60585K [0x00000000c0000000, 0x00000000c4300000, 0x00000000eab00000)
  object space 68608K, 88% used [0x00000000c0000000,0x00000000c3b2a4d0,0x00000000c4300000)
 Metaspace       used 55650K, capacity 58839K, committed 59028K, reserved 1101824K
  class space    used 5704K, capacity 6851K, committed 6912K, reserved 1048576K
}
Event: 5,115 GC heap after
{Heap after GC invocations=26 (full 2):
 PSYoungGen      total 50176K, used 3578K [0x00000000eab00000, 0x00000000f0700000, 0x0000000100000000)
  eden space 46592K, 0% used [0x00000000eab00000,0x00000000eab00000,0x00000000ed880000)
  from space 3584K, 99% used [0x00000000f0380000,0x00000000f06feb30,0x00000000f0700000)
  to   space 11264K, 0% used [0x00000000ef100000,0x00000000ef100000,0x00000000efc00000)
 ParOldGen       total 68608K, used 67202K [0x00000000c0000000, 0x00000000c4300000, 0x00000000eab00000)
  object space 68608K, 97% used [0x00000000c0000000,0x00000000c41a0908,0x00000000c4300000)
 Metaspace       used 55650K, capacity 58839K, committed 59028K, reserved 1101824K
  class space    used 5704K, capacity 6851K, committed 6912K, reserved 1048576K
}
Event: 5,115 GC heap before
{Heap before GC invocations=27 (full 3):
 PSYoungGen      total 50176K, used 3578K [0x00000000eab00000, 0x00000000f0700000, 0x0000000100000000)
  eden space 46592K, 0% used [0x00000000eab00000,0x00000000eab00000,0x00000000ed880000)
  from space 3584K, 99% used [0x00000000f0380000,0x00000000f06feb30,0x00000000f0700000)
  to   space 11264K, 0% used [0x00000000ef100000,0x00000000ef100000,0x00000000efc00000)
 ParOldGen       total 68608K, used 67202K [0x00000000c0000000, 0x00000000c4300000, 0x00000000eab00000)
  object space 68608K, 97% used [0x00000000c0000000,0x00000000c41a0908,0x00000000c4300000)
 Metaspace       used 55650K, capacity 58839K, committed 59028K, reserved 1101824K
  class space    used 5704K, capacity 6851K, committed 6912K, reserved 1048576K
}
Event: 5,398 GC heap after
{Heap after GC invocations=27 (full 3):
 PSYoungGen      total 50176K, used 0K [0x00000000eab00000, 0x00000000f0700000, 0x0000000100000000)
  eden space 46592K, 0% used [0x00000000eab00000,0x00000000eab00000,0x00000000ed880000)
  from space 3584K, 0% used [0x00000000f0380000,0x00000000f0380000,0x00000000f0700000)
  to   space 11264K, 0% used [0x00000000ef100000,0x00000000ef100000,0x00000000efc00000)
 ParOldGen       total 68608K, used 60862K [0x00000000c0000000, 0x00000000c4300000, 0x00000000eab00000)
  object space 68608K, 88% used [0x00000000c0000000,0x00000000c3b6f918,0x00000000c4300000)
 Metaspace       used 55643K, capacity 58827K, committed 59028K, reserved 1101824K
  class space    used 5701K, capacity 6847K, committed 6912K, reserved 1048576K
}
Event: 5,719 GC heap before
{Heap before GC invocations=28 (full 3):
 PSYoungGen      total 50176K, used 46592K [0x00000000eab00000, 0x00000000f0700000, 0x0000000100000000)
  eden space 46592K, 100% used [0x00000000eab00000,0x00000000ed880000,0x00000000ed880000)
  from space 3584K, 0% used [0x00000000f0380000,0x00000000f0380000,0x00000000f0700000)
  to   space 11264K, 0% used [0x00000000ef100000,0x00000000ef100000,0x00000000efc00000)
 ParOldGen       total 68608K, used 60862K [0x00000000c0000000, 0x00000000c4300000, 0x00000000eab00000)
  object space 68608K, 88% used [0x00000000c0000000,0x00000000c3b6f918,0x00000000c4300000)
 Metaspace       used 56860K, capacity 60032K, committed 60180K, reserved 1101824K
  class space    used 5808K, capacity 6967K, committed 7040K, reserved 1048576K
}
Event: 5,724 GC heap after
{Heap after GC invocations=28 (full 3):
 PSYoungGen      total 56832K, used 6563K [0x00000000eab00000, 0x00000000f0400000, 0x0000000100000000)
  eden space 45568K, 0% used [0x00000000eab00000,0x00000000eab00000,0x00000000ed780000)
  from space 11264K, 58% used [0x00000000ef100000,0x00000000ef768e50,0x00000000efc00000)
  to   space 8192K, 0% used [0x00000000efc00000,0x00000000efc00000,0x00000000f0400000)
 ParOldGen       total 68608K, used 60870K [0x00000000c0000000, 0x00000000c4300000, 0x00000000eab00000)
  object space 68608K, 88% used [0x00000000c0000000,0x00000000c3b71918,0x00000000c4300000)
 Metaspace       used 56860K, capacity 60032K, committed 60180K, reserved 1101824K
  class space    used 5808K, capacity 6967K, committed 7040K, reserved 1048576K
}
Event: 5,839 GC heap before
{Heap before GC invocations=29 (full 3):
 PSYoungGen      total 56832K, used 50145K [0x00000000eab00000, 0x00000000f0400000, 0x0000000100000000)
  eden space 45568K, 95% used [0x00000000eab00000,0x00000000ed58f840,0x00000000ed780000)
  from space 11264K, 58% used [0x00000000ef100000,0x00000000ef768e50,0x00000000efc00000)
  to   space 8192K, 0% used [0x00000000efc00000,0x00000000efc00000,0x00000000f0400000)
 ParOldGen       total 68608K, used 60870K [0x00000000c0000000, 0x00000000c4300000, 0x00000000eab00000)
  object space 68608K, 88% used [0x00000000c0000000,0x00000000c3b71918,0x00000000c4300000)
 Metaspace       used 56879K, capacity 60032K, committed 60180K, reserved 1101824K
  class space    used 5808K, capacity 6967K, committed 7040K, reserved 1048576K
}
Event: 5,842 GC heap after
{Heap after GC invocations=29 (full 3):
 PSYoungGen      total 49152K, used 4128K [0x00000000eab00000, 0x00000000f0080000, 0x0000000100000000)
  eden space 44544K, 0% used [0x00000000eab00000,0x00000000eab00000,0x00000000ed680000)
  from space 4608K, 89% used [0x00000000efc00000,0x00000000f0008010,0x00000000f0080000)
  to   space 5632K, 0% used [0x00000000ef580000,0x00000000ef580000,0x00000000efb00000)
 ParOldGen       total 68608K, used 62360K [0x00000000c0000000, 0x00000000c4300000, 0x00000000eab00000)
  object space 68608K, 90% used [0x00000000c0000000,0x00000000c3ce6060,0x00000000c4300000)
 Metaspace       used 56879K, capacity 60032K, committed 60180K, reserved 1101824K
  class space    used 5808K, capacity 6967K, committed 7040K, reserved 1048576K
}
Event: 6,958 GC heap before
{Heap before GC invocations=30 (full 3):
 PSYoungGen      total 49152K, used 48672K [0x00000000eab00000, 0x00000000f0080000, 0x0000000100000000)
  eden space 44544K, 100% used [0x00000000eab00000,0x00000000ed680000,0x00000000ed680000)
  from space 4608K, 89% used [0x00000000efc00000,0x00000000f0008010,0x00000000f0080000)
  to   space 5632K, 0% used [0x00000000ef580000,0x00000000ef580000,0x00000000efb00000)
 ParOldGen       total 68608K, used 62360K [0x00000000c0000000, 0x00000000c4300000, 0x00000000eab00000)
  object space 68608K, 90% used [0x00000000c0000000,0x00000000c3ce6060,0x00000000c4300000)
 Metaspace       used 58963K, capacity 62333K, committed 62484K, reserved 1103872K
  class space    used 5978K, capacity 7175K, committed 7296K, reserved 1048576K
}
Event: 6,970 GC heap after
{Heap after GC invocations=30 (full 3):
 PSYoungGen      total 49152K, used 5629K [0x00000000eab00000, 0x00000000efe80000, 0x0000000100000000)
  eden space 43520K, 0% used [0x00000000eab00000,0x00000000eab00000,0x00000000ed580000)
  from space 5632K, 99% used [0x00000000ef580000,0x00000000efaff6f8,0x00000000efb00000)
  to   space 3584K, 0% used [0x00000000efb00000,0x00000000efb00000,0x00000000efe80000)
 ParOldGen       total 75264K, used 74990K [0x00000000c0000000, 0x00000000c4980000, 0x00000000eab00000)
  object space 75264K, 99% used [0x00000000c0000000,0x00000000c493bb40,0x00000000c4980000)
 Metaspace       used 58963K, capacity 62333K, committed 62484K, reserved 1103872K
  class space    used 5978K, capacity 7175K, committed 7296K, reserved 1048576K
}
Event: 6,970 GC heap before
{Heap before GC invocations=31 (full 4):
 PSYoungGen      total 49152K, used 5629K [0x00000000eab00000, 0x00000000efe80000, 0x0000000100000000)
  eden space 43520K, 0% used [0x00000000eab00000,0x00000000eab00000,0x00000000ed580000)
  from space 5632K, 99% used [0x00000000ef580000,0x00000000efaff6f8,0x00000000efb00000)
  to   space 3584K, 0% used [0x00000000efb00000,0x00000000efb00000,0x00000000efe80000)
 ParOldGen       total 75264K, used 74990K [0x00000000c0000000, 0x00000000c4980000, 0x00000000eab00000)
  object space 75264K, 99% used [0x00000000c0000000,0x00000000c493bb40,0x00000000c4980000)
 Metaspace       used 58963K, capacity 62333K, committed 62484K, reserved 1103872K
  class space    used 5978K, capacity 7175K, committed 7296K, reserved 1048576K
}
Event: 7,044 GC heap after
{Heap after GC invocations=31 (full 4):
 PSYoungGen      total 45056K, used 0K [0x00000000eab00000, 0x00000000efd80000, 0x0000000100000000)
  eden space 42496K, 0% used [0x00000000eab00000,0x00000000eab00000,0x00000000ed480000)
  from space 2560K, 0% used [0x00000000efb00000,0x00000000efb00000,0x00000000efd80000)
  to   space 20992K, 0% used [0x00000000ed480000,0x00000000ed480000,0x00000000ee900000)
 ParOldGen       total 105984K, used 65781K [0x00000000c0000000, 0x00000000c6780000, 0x00000000eab00000)
  object space 105984K, 62% used [0x00000000c0000000,0x00000000c403d7e8,0x00000000c6780000)
 Metaspace       used 58963K, capacity 62333K, committed 62484K, reserved 1103872K
  class space    used 5978K, capacity 7175K, committed 7296K, reserved 1048576K
}
Event: 7,728 GC heap before
{Heap before GC invocations=32 (full 4):
 PSYoungGen      total 45056K, used 35823K [0x00000000eab00000, 0x00000000efd80000, 0x0000000100000000)
  eden space 42496K, 84% used [0x00000000eab00000,0x00000000ecdfbe28,0x00000000ed480000)
  from space 2560K, 0% used [0x00000000efb00000,0x00000000efb00000,0x00000000efd80000)
  to   space 20992K, 0% used [0x00000000ed480000,0x00000000ed480000,0x00000000ee900000)
 ParOldGen       total 105984K, used 65781K [0x00000000c0000000, 0x00000000c6780000, 0x00000000eab00000)
  object space 105984K, 62% used [0x00000000c0000000,0x00000000c403d7e8,0x00000000c6780000)
 Metaspace       used 59235K, capacity 62706K, committed 62996K, reserved 1105920K
  class space    used 5996K, capacity 7214K, committed 7296K, reserved 1048576K
}
Event: 7,732 GC heap after
{Heap after GC invocations=32 (full 4):
 PSYoungGen      total 62464K, used 9298K [0x00000000eab00000, 0x00000000efb80000, 0x0000000100000000)
  eden space 41472K, 0% used [0x00000000eab00000,0x00000000eab00000,0x00000000ed380000)
  from space 20992K, 44% used [0x00000000ed480000,0x00000000edd94b30,0x00000000ee900000)
  to   space 12800K, 0% used [0x00000000eef00000,0x00000000eef00000,0x00000000efb80000)
 ParOldGen       total 105984K, used 65789K [0x00000000c0000000, 0x00000000c6780000, 0x00000000eab00000)
  object space 105984K, 62% used [0x00000000c0000000,0x00000000c403f7e8,0x00000000c6780000)
 Metaspace       used 59235K, capacity 62706K, committed 62996K, reserved 1105920K
  class space    used 5996K, capacity 7214K, committed 7296K, reserved 1048576K
}
Event: 7,738 GC heap before
{Heap before GC invocations=33 (full 4):
 PSYoungGen      total 62464K, used 47859K [0x00000000eab00000, 0x00000000efb80000, 0x0000000100000000)
  eden space 41472K, 92% used [0x00000000eab00000,0x00000000ed0a8218,0x00000000ed380000)
  from space 20992K, 44% used [0x00000000ed480000,0x00000000edd94b30,0x00000000ee900000)
  to   space 12800K, 0% used [0x00000000eef00000,0x00000000eef00000,0x00000000efb80000)
 ParOldGen       total 105984K, used 65789K [0x00000000c0000000, 0x00000000c6780000, 0x00000000eab00000)
  object space 105984K, 62% used [0x00000000c0000000,0x00000000c403f7e8,0x00000000c6780000)
 Metaspace       used 59244K, capacity 62706K, committed 62996K, reserved 1105920K
  class space    used 5997K, capacity 7214K, committed 7296K, reserved 1048576K
}
Event: 7,745 GC heap after
{Heap after GC invocations=33 (full 4):
 PSYoungGen      total 36864K, used 12791K [0x00000000eab00000, 0x00000000f3980000, 0x0000000100000000)
  eden space 24064K, 0% used [0x00000000eab00000,0x00000000eab00000,0x00000000ec280000)
  from space 12800K, 99% used [0x00000000eef00000,0x00000000efb7dce8,0x00000000efb80000)
  to   space 45568K, 0% used [0x00000000ec280000,0x00000000ec280000,0x00000000eef00000)
 ParOldGen       total 105984K, used 92969K [0x00000000c0000000, 0x00000000c6780000, 0x00000000eab00000)
  object space 105984K, 87% used [0x00000000c0000000,0x00000000c5aca680,0x00000000c6780000)
 Metaspace       used 59244K, capacity 62706K, committed 62996K, reserved 1105920K
  class space    used 5997K, capacity 7214K, committed 7296K, reserved 1048576K
}
Event: 7,745 GC heap before
{Heap before GC invocations=34 (full 5):
 PSYoungGen      total 36864K, used 12791K [0x00000000eab00000, 0x00000000f3980000, 0x0000000100000000)
  eden space 24064K, 0% used [0x00000000eab00000,0x00000000eab00000,0x00000000ec280000)
  from space 12800K, 99% used [0x00000000eef00000,0x00000000efb7dce8,0x00000000efb80000)
  to   space 45568K, 0% used [0x00000000ec280000,0x00000000ec280000,0x00000000eef00000)
 ParOldGen       total 105984K, used 92969K [0x00000000c0000000, 0x00000000c6780000, 0x00000000eab00000)
  object space 105984K, 87% used [0x00000000c0000000,0x00000000c5aca680,0x00000000c6780000)
 Metaspace       used 59244K, capacity 62706K, committed 62996K, reserved 1105920K
  class space    used 5997K, capacity 7214K, committed 7296K, reserved 1048576K
}

